# JRE version: Java(TM) SE Runtime Environment (21.0.3+7) (build 21.0.3+7-LTS-152)
# Java VM: Java HotSpot(TM) 64-Bit Server VM (21.0.3+7-LTS-152, mixed mode, emulated-client, sharing, tiered, compressed oops, compressed class ptrs, g1 gc, windows-amd64)
GC Precious Log:
 CardTable entry size: 512
 Card Set container configuration: InlinePtr #cards 5 size 8 Array Of Cards #cards 12 size 40 Howl #buckets 4 coarsen threshold 1843 Howl Bitmap #cards 512 size 80 coarsen threshold 460 Card regions per heap region 1 cards per card region 2048
 CPUs: 8 total, 8 available
 Memory: 7778M
 Large Page Support: Disabled
 NUMA Support: Disabled
 Compressed Oops: Enabled (32-bit)
 Heap Region Size: 1M
 Heap Min Capacity: 8M
 Heap Initial Capacity: 122M
 Heap Max Capacity: 1946M
 Pre-touch: Disabled
 Parallel Workers: 8
 Concurrent Workers: 2
 Concurrent Refinement Workers: 8
 Periodic GC: Disabled
Heap:
 garbage-first heap   total 132096K, used 73447K [0x0000000086600000, 0x0000000100000000)
  region size 1024K, 5 young (5120K), 5 survivors (5120K)
 Metaspace       used 65425K, committed 66112K, reserved 1114112K
  class space    used 9745K, committed 10048K, reserved 1048576K
GC Heap History (20 events):
Event: 14.370 GC heap after
{Heap after GC invocations=16 (full 0):
 garbage-first heap   total 58368K, used 30660K [0x0000000086600000, 0x0000000100000000)
  region size 1024K, 3 young (3072K), 3 survivors (3072K)
 Metaspace       used 61428K, committed 62080K, reserved 1114112K
  class space    used 9053K, committed 9344K, reserved 1048576K
}
Event: 14.759 GC heap before
{Heap before GC invocations=16 (full 0):
 garbage-first heap   total 58368K, used 49092K [0x0000000086600000, 0x0000000100000000)
  region size 1024K, 22 young (22528K), 3 survivors (3072K)
 Metaspace       used 63220K, committed 63872K, reserved 1114112K
  class space    used 9431K, committed 9728K, reserved 1048576K
}
Event: 14.766 GC heap after
{Heap after GC invocations=17 (full 0):
 garbage-first heap   total 58368K, used 31424K [0x0000000086600000, 0x0000000100000000)
  region size 1024K, 3 young (3072K), 3 survivors (3072K)
 Metaspace       used 63220K, committed 63872K, reserved 1114112K
  class space    used 9431K, committed 9728K, reserved 1048576K
}
Event: 15.088 GC heap before
{Heap before GC invocations=17 (full 0):
 garbage-first heap   total 58368K, used 48832K [0x0000000086600000, 0x0000000100000000)
  region size 1024K, 21 young (21504K), 3 survivors (3072K)
 Metaspace       used 64944K, committed 65600K, reserved 1114112K
  class space    used 9642K, committed 9920K, reserved 1048576K
}
Event: 15.094 GC heap after
{Heap after GC invocations=18 (full 0):
 garbage-first heap   total 58368K, used 32065K [0x0000000086600000, 0x0000000100000000)
  region size 1024K, 2 young (2048K), 2 survivors (2048K)
 Metaspace       used 64944K, committed 65600K, reserved 1114112K
  class space    used 9642K, committed 9920K, reserved 1048576K
}
Event: 15.434 GC heap before
{Heap before GC invocations=19 (full 0):
 garbage-first heap   total 58368K, used 51521K [0x0000000086600000, 0x0000000100000000)
  region size 1024K, 21 young (21504K), 2 survivors (2048K)
 Metaspace       used 65344K, committed 66048K, reserved 1114112K
  class space    used 9725K, committed 10048K, reserved 1048576K
}
Event: 15.441 GC heap after
{Heap after GC invocations=20 (full 0):
 garbage-first heap   total 58368K, used 33100K [0x0000000086600000, 0x0000000100000000)
  region size 1024K, 3 young (3072K), 3 survivors (3072K)
 Metaspace       used 65344K, committed 66048K, reserved 1114112K
  class space    used 9725K, committed 10048K, reserved 1048576K
}
Event: 15.549 GC heap before
{Heap before GC invocations=20 (full 0):
 garbage-first heap   total 58368K, used 50508K [0x0000000086600000, 0x0000000100000000)
  region size 1024K, 20 young (20480K), 3 survivors (3072K)
 Metaspace       used 65374K, committed 66112K, reserved 1114112K
  class space    used 9733K, committed 10048K, reserved 1048576K
}
Event: 15.558 GC heap after
{Heap after GC invocations=21 (full 0):
 garbage-first heap   total 58368K, used 33308K [0x0000000086600000, 0x0000000100000000)
  region size 1024K, 2 young (2048K), 2 survivors (2048K)
 Metaspace       used 65374K, committed 66112K, reserved 1114112K
  class space    used 9733K, committed 10048K, reserved 1048576K
}
Event: 15.652 GC heap before
{Heap before GC invocations=21 (full 0):
 garbage-first heap   total 58368K, used 50716K [0x0000000086600000, 0x0000000100000000)
  region size 1024K, 19 young (19456K), 2 survivors (2048K)
 Metaspace       used 65376K, committed 66112K, reserved 1114112K
  class space    used 9733K, committed 10048K, reserved 1048576K
}
Event: 15.657 GC heap after
{Heap after GC invocations=22 (full 0):
 garbage-first heap   total 58368K, used 34448K [0x0000000086600000, 0x0000000100000000)
  region size 1024K, 3 young (3072K), 3 survivors (3072K)
 Metaspace       used 65376K, committed 66112K, reserved 1114112K
  class space    used 9733K, committed 10048K, reserved 1048576K
}
Event: 15.737 GC heap before
{Heap before GC invocations=23 (full 0):
 garbage-first heap   total 78848K, used 48784K [0x0000000086600000, 0x0000000100000000)
  region size 1024K, 17 young (17408K), 3 survivors (3072K)
 Metaspace       used 65376K, committed 66112K, reserved 1114112K
  class space    used 9733K, committed 10048K, reserved 1048576K
}
Event: 15.744 GC heap after
{Heap after GC invocations=24 (full 0):
 garbage-first heap   total 101376K, used 37274K [0x0000000086600000, 0x0000000100000000)
  region size 1024K, 3 young (3072K), 3 survivors (3072K)
 Metaspace       used 65376K, committed 66112K, reserved 1114112K
  class space    used 9733K, committed 10048K, reserved 1048576K
}
Event: 16.058 GC heap before
{Heap before GC invocations=24 (full 0):
 garbage-first heap   total 101376K, used 86426K [0x0000000086600000, 0x0000000100000000)
  region size 1024K, 52 young (53248K), 3 survivors (3072K)
 Metaspace       used 65423K, committed 66112K, reserved 1114112K
  class space    used 9745K, committed 10048K, reserved 1048576K
}
Event: 16.085 GC heap after
{Heap after GC invocations=25 (full 0):
 garbage-first heap   total 108544K, used 54272K [0x0000000086600000, 0x0000000100000000)
  region size 1024K, 7 young (7168K), 7 survivors (7168K)
 Metaspace       used 65423K, committed 66112K, reserved 1114112K
  class space    used 9745K, committed 10048K, reserved 1048576K
}
Event: 16.126 GC heap before
{Heap before GC invocations=25 (full 0):
 garbage-first heap   total 108544K, used 64512K [0x0000000086600000, 0x0000000100000000)
  region size 1024K, 18 young (18432K), 7 survivors (7168K)
 Metaspace       used 65423K, committed 66112K, reserved 1114112K
  class space    used 9745K, committed 10048K, reserved 1048576K
}
Event: 16.138 GC heap after
{Heap after GC invocations=26 (full 0):
 garbage-first heap   total 108544K, used 59761K [0x0000000086600000, 0x0000000100000000)
  region size 1024K, 5 young (5120K), 5 survivors (5120K)
 Metaspace       used 65423K, committed 66112K, reserved 1114112K
  class space    used 9745K, committed 10048K, reserved 1048576K
}
Event: 16.235 GC heap before
{Heap before GC invocations=27 (full 0):
 garbage-first heap   total 132096K, used 87409K [0x0000000086600000, 0x0000000100000000)
  region size 1024K, 31 young (31744K), 5 survivors (5120K)
 Metaspace       used 65424K, committed 66112K, reserved 1114112K
  class space    used 9745K, committed 10048K, reserved 1048576K
}
Event: 16.247 GC heap after
{Heap after GC invocations=28 (full 0):
 garbage-first heap   total 132096K, used 68357K [0x0000000086600000, 0x0000000100000000)
  region size 1024K, 4 young (4096K), 4 survivors (4096K)
 Metaspace       used 65424K, committed 66112K, reserved 1114112K
  class space    used 9745K, committed 10048K, reserved 1048576K
}
Event: 16.360 GC heap before
{Heap before GC invocations=28 (full 0):
 garbage-first heap   total 132096K, used 103173K [0x0000000086600000, 0x0000000100000000)
  region size 1024K, 38 young (38912K), 4 survivors (4096K)
 Metaspace       used 65425K, committed 66112K, reserved 1114112K
  class space    used 9745K, committed 10048K, reserved 1048576K
}

