# JRE version: Java(TM) SE Runtime Environment (21.0.3+7) (build 21.0.3+7-LTS-152)
# Java VM: Java HotSpot(TM) 64-Bit Server VM (21.0.3+7-LTS-152, mixed mode, emulated-client, sharing, tiered, compressed oops, compressed class ptrs, g1 gc, windows-amd64)
GC Precious Log:
 CardTable entry size: 512
 Card Set container configuration: InlinePtr #cards 5 size 8 Array Of Cards #cards 12 size 40 Howl #buckets 4 coarsen threshold 1843 Howl Bitmap #cards 512 size 80 coarsen threshold 460 Card regions per heap region 1 cards per card region 2048
 CPUs: 8 total, 8 available
 Memory: 7778M
 Large Page Support: Disabled
 NUMA Support: Disabled
 Compressed Oops: Enabled (32-bit)
 Heap Region Size: 1M
 Heap Min Capacity: 8M
 Heap Initial Capacity: 122M
 Heap Max Capacity: 1946M
 Pre-touch: Disabled
 Parallel Workers: 8
 Concurrent Workers: 2
 Concurrent Refinement Workers: 8
 Periodic GC: Disabled
Heap:
 garbage-first heap   total 229376K, used 108690K [0x0000000086600000, 0x0000000100000000)
  region size 1024K, 8 young (8192K), 8 survivors (8192K)
 Metaspace       used 65498K, committed 66176K, reserved 1114112K
  class space    used 9753K, committed 10048K, reserved 1048576K
GC Heap History (20 events):
Event: 15.801 GC heap after
{Heap after GC invocations=20 (full 0):
 garbage-first heap   total 79872K, used 51325K [0x0000000086600000, 0x0000000100000000)
  region size 1024K, 4 young (4096K), 4 survivors (4096K)
 Metaspace       used 65238K, committed 65920K, reserved 1114112K
  class space    used 9700K, committed 9984K, reserved 1048576K
}
Event: 15.808 GC heap before
{Heap before GC invocations=20 (full 0):
 garbage-first heap   total 79872K, used 52349K [0x0000000086600000, 0x0000000100000000)
  region size 1024K, 6 young (6144K), 4 survivors (4096K)
 Metaspace       used 65238K, committed 65920K, reserved 1114112K
  class space    used 9700K, committed 9984K, reserved 1048576K
}
Event: 15.815 GC heap after
{Heap after GC invocations=21 (full 0):
 garbage-first heap   total 79872K, used 53261K [0x0000000086600000, 0x0000000100000000)
  region size 1024K, 2 young (2048K), 2 survivors (2048K)
 Metaspace       used 65238K, committed 65920K, reserved 1114112K
  class space    used 9700K, committed 9984K, reserved 1048576K
}
Event: 15.891 GC heap before
{Heap before GC invocations=21 (full 0):
 garbage-first heap   total 114688K, used 67597K [0x0000000086600000, 0x0000000100000000)
  region size 1024K, 15 young (15360K), 2 survivors (2048K)
 Metaspace       used 65238K, committed 65920K, reserved 1114112K
  class space    used 9700K, committed 9984K, reserved 1048576K
}
Event: 15.899 GC heap after
{Heap after GC invocations=22 (full 0):
 garbage-first heap   total 114688K, used 59424K [0x0000000086600000, 0x0000000100000000)
  region size 1024K, 2 young (2048K), 2 survivors (2048K)
 Metaspace       used 65238K, committed 65920K, reserved 1114112K
  class space    used 9700K, committed 9984K, reserved 1048576K
}
Event: 16.143 GC heap before
{Heap before GC invocations=23 (full 0):
 garbage-first heap   total 114688K, used 89120K [0x0000000086600000, 0x0000000100000000)
  region size 1024K, 31 young (31744K), 2 survivors (2048K)
 Metaspace       used 65238K, committed 65920K, reserved 1114112K
  class space    used 9700K, committed 9984K, reserved 1048576K
}
Event: 16.152 GC heap after
{Heap after GC invocations=24 (full 0):
 garbage-first heap   total 114688K, used 63798K [0x0000000086600000, 0x0000000100000000)
  region size 1024K, 4 young (4096K), 4 survivors (4096K)
 Metaspace       used 65238K, committed 65920K, reserved 1114112K
  class space    used 9700K, committed 9984K, reserved 1048576K
}
Event: 16.308 GC heap before
{Heap before GC invocations=24 (full 0):
 garbage-first heap   total 114688K, used 92470K [0x0000000086600000, 0x0000000100000000)
  region size 1024K, 32 young (32768K), 4 survivors (4096K)
 Metaspace       used 65238K, committed 65920K, reserved 1114112K
  class space    used 9700K, committed 9984K, reserved 1048576K
}
Event: 16.321 GC heap after
{Heap after GC invocations=25 (full 0):
 garbage-first heap   total 200704K, used 73461K [0x0000000086600000, 0x0000000100000000)
  region size 1024K, 4 young (4096K), 4 survivors (4096K)
 Metaspace       used 65238K, committed 65920K, reserved 1114112K
  class space    used 9700K, committed 9984K, reserved 1048576K
}
Event: 16.526 GC heap before
{Heap before GC invocations=25 (full 0):
 garbage-first heap   total 200704K, used 112373K [0x0000000086600000, 0x0000000100000000)
  region size 1024K, 43 young (44032K), 4 survivors (4096K)
 Metaspace       used 65238K, committed 65920K, reserved 1114112K
  class space    used 9700K, committed 9984K, reserved 1048576K
}
Event: 16.549 GC heap after
{Heap after GC invocations=26 (full 0):
 garbage-first heap   total 200704K, used 91086K [0x0000000086600000, 0x0000000100000000)
  region size 1024K, 10 young (10240K), 10 survivors (10240K)
 Metaspace       used 65238K, committed 65920K, reserved 1114112K
  class space    used 9700K, committed 9984K, reserved 1048576K
}
Event: 16.850 GC heap before
{Heap before GC invocations=27 (full 0):
 garbage-first heap   total 200704K, used 145358K [0x0000000086600000, 0x0000000100000000)
  region size 1024K, 68 young (69632K), 10 survivors (10240K)
 Metaspace       used 65238K, committed 65920K, reserved 1114112K
  class space    used 9700K, committed 9984K, reserved 1048576K
}
Event: 16.881 GC heap after
{Heap after GC invocations=28 (full 0):
 garbage-first heap   total 200704K, used 109549K [0x0000000086600000, 0x0000000100000000)
  region size 1024K, 9 young (9216K), 9 survivors (9216K)
 Metaspace       used 65238K, committed 65920K, reserved 1114112K
  class space    used 9700K, committed 9984K, reserved 1048576K
}
Event: 17.049 GC heap before
{Heap before GC invocations=28 (full 0):
 garbage-first heap   total 200704K, used 157677K [0x0000000086600000, 0x0000000100000000)
  region size 1024K, 56 young (57344K), 9 survivors (9216K)
 Metaspace       used 65239K, committed 65920K, reserved 1114112K
  class space    used 9700K, committed 9984K, reserved 1048576K
}
Event: 17.075 GC heap after
{Heap after GC invocations=29 (full 0):
 garbage-first heap   total 200704K, used 115193K [0x0000000086600000, 0x0000000100000000)
  region size 1024K, 7 young (7168K), 7 survivors (7168K)
 Metaspace       used 65239K, committed 65920K, reserved 1114112K
  class space    used 9700K, committed 9984K, reserved 1048576K
}
Event: 17.275 GC heap before
{Heap before GC invocations=29 (full 0):
 garbage-first heap   total 200704K, used 159225K [0x0000000086600000, 0x0000000100000000)
  region size 1024K, 50 young (51200K), 7 survivors (7168K)
 Metaspace       used 65357K, committed 66048K, reserved 1114112K
  class space    used 9729K, committed 10048K, reserved 1048576K
}
Event: 17.286 GC heap after
{Heap after GC invocations=30 (full 0):
 garbage-first heap   total 200704K, used 117891K [0x0000000086600000, 0x0000000100000000)
  region size 1024K, 3 young (3072K), 3 survivors (3072K)
 Metaspace       used 65357K, committed 66048K, reserved 1114112K
  class space    used 9729K, committed 10048K, reserved 1048576K
}
Event: 17.511 GC heap before
{Heap before GC invocations=31 (full 0):
 garbage-first heap   total 229376K, used 157827K [0x0000000086600000, 0x0000000100000000)
  region size 1024K, 48 young (49152K), 3 survivors (3072K)
 Metaspace       used 65392K, committed 66112K, reserved 1114112K
  class space    used 9736K, committed 10048K, reserved 1048576K
}
Event: 17.517 GC heap after
{Heap after GC invocations=32 (full 0):
 garbage-first heap   total 229376K, used 112578K [0x0000000086600000, 0x0000000100000000)
  region size 1024K, 3 young (3072K), 3 survivors (3072K)
 Metaspace       used 65392K, committed 66112K, reserved 1114112K
  class space    used 9736K, committed 10048K, reserved 1048576K
}
Event: 17.874 GC heap before
{Heap before GC invocations=32 (full 0):
 garbage-first heap   total 229376K, used 183234K [0x0000000086600000, 0x0000000100000000)
  region size 1024K, 72 young (73728K), 3 survivors (3072K)
 Metaspace       used 65498K, committed 66176K, reserved 1114112K
  class space    used 9753K, committed 10048K, reserved 1048576K
}

