# JRE version: Java(TM) SE Runtime Environment (21.0.3+7) (build 21.0.3+7-LTS-152)
# Java VM: Java HotSpot(TM) 64-Bit Server VM (21.0.3+7-LTS-152, mixed mode, emulated-client, sharing, tiered, compressed oops, compressed class ptrs, g1 gc, windows-amd64)
GC Precious Log:
 CardTable entry size: 512
 Card Set container configuration: InlinePtr #cards 5 size 8 Array Of Cards #cards 12 size 40 Howl #buckets 4 coarsen threshold 1843 Howl Bitmap #cards 512 size 80 coarsen threshold 460 Card regions per heap region 1 cards per card region 2048
 CPUs: 8 total, 8 available
 Memory: 7778M
 Large Page Support: Disabled
 NUMA Support: Disabled
 Compressed Oops: Enabled (32-bit)
 Heap Region Size: 1M
 Heap Min Capacity: 8M
 Heap Initial Capacity: 122M
 Heap Max Capacity: 1946M
 Pre-touch: Disabled
 Parallel Workers: 8
 Concurrent Workers: 2
 Concurrent Refinement Workers: 8
 Periodic GC: Disabled
Heap:
 garbage-first heap   total 252928K, used 121815K [0x0000000086600000, 0x0000000100000000)
  region size 1024K, 7 young (7168K), 7 survivors (7168K)
 Metaspace       used 65533K, committed 66240K, reserved 1114112K
  class space    used 9750K, committed 10048K, reserved 1048576K
GC Heap History (20 events):
Event: 20.634 GC heap after
{Heap after GC invocations=17 (full 0):
 garbage-first heap   total 73728K, used 38496K [0x0000000086600000, 0x0000000100000000)
  region size 1024K, 5 young (5120K), 5 survivors (5120K)
 Metaspace       used 65321K, committed 66048K, reserved 1114112K
  class space    used 9693K, committed 10048K, reserved 1048576K
}
Event: 20.723 GC heap before
{Heap before GC invocations=17 (full 0):
 garbage-first heap   total 73728K, used 62048K [0x0000000086600000, 0x0000000100000000)
  region size 1024K, 28 young (28672K), 5 survivors (5120K)
 Metaspace       used 65321K, committed 66048K, reserved 1114112K
  class space    used 9693K, committed 10048K, reserved 1048576K
}
Event: 20.737 GC heap after
{Heap after GC invocations=18 (full 0):
 garbage-first heap   total 76800K, used 47181K [0x0000000086600000, 0x0000000100000000)
  region size 1024K, 4 young (4096K), 4 survivors (4096K)
 Metaspace       used 65321K, committed 66048K, reserved 1114112K
  class space    used 9693K, committed 10048K, reserved 1048576K
}
Event: 20.834 GC heap before
{Heap before GC invocations=19 (full 0):
 garbage-first heap   total 97280K, used 64589K [0x0000000086600000, 0x0000000100000000)
  region size 1024K, 20 young (20480K), 4 survivors (4096K)
 Metaspace       used 65321K, committed 66048K, reserved 1114112K
  class space    used 9693K, committed 10048K, reserved 1048576K
}
Event: 20.845 GC heap after
{Heap after GC invocations=20 (full 0):
 garbage-first heap   total 97280K, used 55645K [0x0000000086600000, 0x0000000100000000)
  region size 1024K, 3 young (3072K), 3 survivors (3072K)
 Metaspace       used 65321K, committed 66048K, reserved 1114112K
  class space    used 9693K, committed 10048K, reserved 1048576K
}
Event: 20.981 GC heap before
{Heap before GC invocations=20 (full 0):
 garbage-first heap   total 97280K, used 78173K [0x0000000086600000, 0x0000000100000000)
  region size 1024K, 25 young (25600K), 3 survivors (3072K)
 Metaspace       used 65321K, committed 66048K, reserved 1114112K
  class space    used 9693K, committed 10048K, reserved 1048576K
}
Event: 20.991 GC heap after
{Heap after GC invocations=21 (full 0):
 garbage-first heap   total 97280K, used 62617K [0x0000000086600000, 0x0000000100000000)
  region size 1024K, 4 young (4096K), 4 survivors (4096K)
 Metaspace       used 65321K, committed 66048K, reserved 1114112K
  class space    used 9693K, committed 10048K, reserved 1048576K
}
Event: 21.071 GC heap before
{Heap before GC invocations=21 (full 0):
 garbage-first heap   total 97280K, used 81049K [0x0000000086600000, 0x0000000100000000)
  region size 1024K, 22 young (22528K), 4 survivors (4096K)
 Metaspace       used 65321K, committed 66048K, reserved 1114112K
  class space    used 9693K, committed 10048K, reserved 1048576K
}
Event: 21.080 GC heap after
{Heap after GC invocations=22 (full 0):
 garbage-first heap   total 207872K, used 68179K [0x0000000086600000, 0x0000000100000000)
  region size 1024K, 3 young (3072K), 3 survivors (3072K)
 Metaspace       used 65321K, committed 66048K, reserved 1114112K
  class space    used 9693K, committed 10048K, reserved 1048576K
}
Event: 21.611 GC heap before
{Heap before GC invocations=23 (full 0):
 garbage-first heap   total 207872K, used 142931K [0x0000000086600000, 0x0000000100000000)
  region size 1024K, 77 young (78848K), 3 survivors (3072K)
 Metaspace       used 65321K, committed 66048K, reserved 1114112K
  class space    used 9693K, committed 10048K, reserved 1048576K
}
Event: 21.635 GC heap after
{Heap after GC invocations=24 (full 0):
 garbage-first heap   total 207872K, used 97543K [0x0000000086600000, 0x0000000100000000)
  region size 1024K, 10 young (10240K), 10 survivors (10240K)
 Metaspace       used 65321K, committed 66048K, reserved 1114112K
  class space    used 9693K, committed 10048K, reserved 1048576K
}
Event: 21.850 GC heap before
{Heap before GC invocations=24 (full 0):
 garbage-first heap   total 207872K, used 153863K [0x0000000086600000, 0x0000000100000000)
  region size 1024K, 63 young (64512K), 10 survivors (10240K)
 Metaspace       used 65321K, committed 66048K, reserved 1114112K
  class space    used 9693K, committed 10048K, reserved 1048576K
}
Event: 21.881 GC heap after
{Heap after GC invocations=25 (full 0):
 garbage-first heap   total 207872K, used 121742K [0x0000000086600000, 0x0000000100000000)
  region size 1024K, 8 young (8192K), 8 survivors (8192K)
 Metaspace       used 65321K, committed 66048K, reserved 1114112K
  class space    used 9693K, committed 10048K, reserved 1048576K
}
Event: 22.071 GC heap before
{Heap before GC invocations=25 (full 0):
 garbage-first heap   total 207872K, used 165774K [0x0000000086600000, 0x0000000100000000)
  region size 1024K, 51 young (52224K), 8 survivors (8192K)
 Metaspace       used 65321K, committed 66048K, reserved 1114112K
  class space    used 9693K, committed 10048K, reserved 1048576K
}
Event: 22.095 GC heap after
{Heap after GC invocations=26 (full 0):
 garbage-first heap   total 207872K, used 139223K [0x0000000086600000, 0x0000000100000000)
  region size 1024K, 7 young (7168K), 7 survivors (7168K)
 Metaspace       used 65321K, committed 66048K, reserved 1114112K
  class space    used 9693K, committed 10048K, reserved 1048576K
}
Event: 22.315 GC heap before
{Heap before GC invocations=27 (full 0):
 garbage-first heap   total 252928K, used 163799K [0x0000000086600000, 0x0000000100000000)
  region size 1024K, 41 young (41984K), 7 survivors (7168K)
 Metaspace       used 65398K, committed 66112K, reserved 1114112K
  class space    used 9722K, committed 10048K, reserved 1048576K
}
Event: 22.330 GC heap after
{Heap after GC invocations=28 (full 0):
 garbage-first heap   total 252928K, used 137030K [0x0000000086600000, 0x0000000100000000)
  region size 1024K, 6 young (6144K), 6 survivors (6144K)
 Metaspace       used 65398K, committed 66112K, reserved 1114112K
  class space    used 9722K, committed 10048K, reserved 1048576K
}
Event: 22.586 GC heap before
{Heap before GC invocations=28 (full 0):
 garbage-first heap   total 252928K, used 196422K [0x0000000086600000, 0x0000000100000000)
  region size 1024K, 64 young (65536K), 6 survivors (6144K)
 Metaspace       used 65438K, committed 66112K, reserved 1114112K
  class space    used 9735K, committed 10048K, reserved 1048576K
}
Event: 22.597 GC heap after
{Heap after GC invocations=29 (full 0):
 garbage-first heap   total 252928K, used 117887K [0x0000000086600000, 0x0000000100000000)
  region size 1024K, 3 young (3072K), 3 survivors (3072K)
 Metaspace       used 65438K, committed 66112K, reserved 1114112K
  class space    used 9735K, committed 10048K, reserved 1048576K
}
Event: 23.014 GC heap before
{Heap before GC invocations=29 (full 0):
 garbage-first heap   total 252928K, used 189567K [0x0000000086600000, 0x0000000100000000)
  region size 1024K, 73 young (74752K), 3 survivors (3072K)
 Metaspace       used 65533K, committed 66240K, reserved 1114112K
  class space    used 9750K, committed 10048K, reserved 1048576K
}

